<?xml version="1.0" encoding="UTF-8"?>
<robot generator="Robot 5.0.1 (Python 3.10.7 on win32)" generated="20221007 10:28:33.752" rpa="false" schemaversion="3">
<suite id="s1" name="TesteRobot" source="C:\Users\joaow\Desktop\PUCPR\VERIFICAÇÃO E VALIDAÇÃO\EM PROCESSO\TesteRobot">
<suite id="s1-s1" name="PesquisaEmAcao" source="C:\Users\joaow\Desktop\PUCPR\VERIFICAÇÃO E VALIDAÇÃO\EM PROCESSO\TesteRobot\PesquisaEmAcao">
<suite id="s1-s1-s1" name="Link" source="C:\Users\joaow\Desktop\PUCPR\VERIFICAÇÃO E VALIDAÇÃO\EM PROCESSO\TesteRobot\PesquisaEmAcao\link.robot">
<test id="s1-s1-s1-t1" name="Cenário 1: Acessando o site" line="12">
<kw name="Abrir Site">
<kw name="Open Browser" library="SeleniumLibrary">
<arg>https://centauro.com.br/</arg>
<arg>chrome</arg>
<doc>Opens a new browser instance to the optional ``url``.</doc>
<msg timestamp="20221007 10:28:34.014" level="INFO">Opening browser 'chrome' to base url 'https://centauro.com.br/'.</msg>
<status status="PASS" starttime="20221007 10:28:34.013" endtime="20221007 10:28:38.061"/>
</kw>
<status status="PASS" starttime="20221007 10:28:34.012" endtime="20221007 10:28:38.062"/>
</kw>
<status status="PASS" starttime="20221007 10:28:34.011" endtime="20221007 10:28:38.062"/>
</test>
<status status="PASS" starttime="20221007 10:28:33.790" endtime="20221007 10:28:38.067"/>
</suite>
<status status="PASS" starttime="20221007 10:28:33.784" endtime="20221007 10:28:38.073"/>
</suite>
<status status="PASS" starttime="20221007 10:28:33.757" endtime="20221007 10:28:38.075"/>
</suite>
<statistics>
<total>
<stat pass="1" fail="0" skip="0">All Tests</stat>
</total>
<tag>
</tag>
<suite>
<stat pass="1" fail="0" skip="0" id="s1" name="TesteRobot">TesteRobot</stat>
<stat pass="1" fail="0" skip="0" id="s1-s1" name="PesquisaEmAcao">TesteRobot.PesquisaEmAcao</stat>
<stat pass="1" fail="0" skip="0" id="s1-s1-s1" name="Link">TesteRobot.PesquisaEmAcao.Link</stat>
</suite>
</statistics>
<errors>
</errors>
</robot>
