<?xml version="1.0" encoding="UTF-8"?>
<robot generator="Robot 5.0.1 (Python 3.10.4 on win32)" generated="20221009 21:24:19.066" rpa="false" schemaversion="3">
<suite id="s1" name="Laco" source="C:\Users\Mathe\Desktop\Faculdade\4 semestre\verificação e validação\AtividadesRobot-main\AtividadesRobot-main\Robot\PesquisaEmAcao\laco.robot">
<test id="s1-t1" name="Caso de teste utilizando laco" line="10">
<kw name="Open Browser" library="SeleniumLibrary">
<arg>https://www.google.com.br/</arg>
<arg>chrome</arg>
<doc>Opens a new browser instance to the optional ``url``.</doc>
<msg timestamp="20221009 21:24:19.361" level="INFO">Opening browser 'chrome' to base url 'https://www.google.com.br/'.</msg>
<status status="PASS" starttime="20221009 21:24:19.361" endtime="20221009 21:24:25.137"/>
</kw>
<kw name="Maximize Browser Window" library="SeleniumLibrary">
<doc>Maximizes current browser window.</doc>
<status status="PASS" starttime="20221009 21:24:25.137" endtime="20221009 21:24:25.277"/>
</kw>
<kw name="Get WebElements" library="SeleniumLibrary">
<var>@{results_on_page}</var>
<arg>xpath://*[@id="rso"]</arg>
<doc>Returns a list of WebElement objects matching the ``locator``.</doc>
<msg timestamp="20221009 21:24:25.316" level="INFO">@{results_on_page} = [ ]</msg>
<status status="PASS" starttime="20221009 21:24:25.277" endtime="20221009 21:24:25.316"/>
</kw>
<for flavor="IN">
<var>${element}</var>
<value>@{ROBOTS}</value>
<iter>
<var name="${element}">Coritiba</var>
<kw name="Input Text" library="SeleniumLibrary">
<arg>name:q</arg>
<arg>${element}</arg>
<doc>Types the given ``text`` into the text field identified by ``locator``.</doc>
<msg timestamp="20221009 21:24:25.316" level="INFO">Typing text 'Coritiba' into text field 'name:q'.</msg>
<status status="PASS" starttime="20221009 21:24:25.316" endtime="20221009 21:24:25.468"/>
</kw>
<kw name="Press Keys" library="SeleniumLibrary">
<arg>name:q</arg>
<arg>ENTER</arg>
<doc>Simulates the user pressing key(s) to an element or on the active browser.</doc>
<msg timestamp="20221009 21:24:25.468" level="INFO">Sending key(s) ('ENTER',) to name:q element.</msg>
<msg timestamp="20221009 21:24:25.787" level="INFO">Pressing special key ENTER to element.</msg>
<msg timestamp="20221009 21:24:25.795" level="INFO">Releasing special key ENTER.</msg>
<status status="PASS" starttime="20221009 21:24:25.468" endtime="20221009 21:24:33.877"/>
</kw>
<kw name="Go Back" library="SeleniumLibrary">
<doc>Simulates the user clicking the back button on their browser.</doc>
<status status="PASS" starttime="20221009 21:24:33.877" endtime="20221009 21:24:33.946"/>
</kw>
<status status="PASS" starttime="20221009 21:24:25.316" endtime="20221009 21:24:33.946"/>
</iter>
<iter>
<var name="${element}">maior vitorioso do mundo</var>
<kw name="Input Text" library="SeleniumLibrary">
<arg>name:q</arg>
<arg>${element}</arg>
<doc>Types the given ``text`` into the text field identified by ``locator``.</doc>
<msg timestamp="20221009 21:24:33.950" level="INFO">Typing text 'maior vitorioso do mundo' into text field 'name:q'.</msg>
<status status="PASS" starttime="20221009 21:24:33.946" endtime="20221009 21:24:34.181"/>
</kw>
<kw name="Press Keys" library="SeleniumLibrary">
<arg>name:q</arg>
<arg>ENTER</arg>
<doc>Simulates the user pressing key(s) to an element or on the active browser.</doc>
<msg timestamp="20221009 21:24:34.181" level="INFO">Sending key(s) ('ENTER',) to name:q element.</msg>
<msg timestamp="20221009 21:24:34.489" level="INFO">Pressing special key ENTER to element.</msg>
<msg timestamp="20221009 21:24:34.489" level="INFO">Releasing special key ENTER.</msg>
<status status="PASS" starttime="20221009 21:24:34.181" endtime="20221009 21:24:39.212"/>
</kw>
<kw name="Go Back" library="SeleniumLibrary">
<doc>Simulates the user clicking the back button on their browser.</doc>
<status status="PASS" starttime="20221009 21:24:39.212" endtime="20221009 21:24:39.283"/>
</kw>
<status status="PASS" starttime="20221009 21:24:33.946" endtime="20221009 21:24:39.283"/>
</iter>
<iter>
<var name="${element}">maior campeão paranaense</var>
<kw name="Input Text" library="SeleniumLibrary">
<arg>name:q</arg>
<arg>${element}</arg>
<doc>Types the given ``text`` into the text field identified by ``locator``.</doc>
<msg timestamp="20221009 21:24:39.283" level="INFO">Typing text 'maior campeão paranaense' into text field 'name:q'.</msg>
<status status="PASS" starttime="20221009 21:24:39.283" endtime="20221009 21:24:39.490"/>
</kw>
<kw name="Press Keys" library="SeleniumLibrary">
<arg>name:q</arg>
<arg>ENTER</arg>
<doc>Simulates the user pressing key(s) to an element or on the active browser.</doc>
<msg timestamp="20221009 21:24:39.498" level="INFO">Sending key(s) ('ENTER',) to name:q element.</msg>
<msg timestamp="20221009 21:24:39.801" level="INFO">Pressing special key ENTER to element.</msg>
<msg timestamp="20221009 21:24:39.801" level="INFO">Releasing special key ENTER.</msg>
<status status="PASS" starttime="20221009 21:24:39.490" endtime="20221009 21:24:41.579"/>
</kw>
<kw name="Go Back" library="SeleniumLibrary">
<doc>Simulates the user clicking the back button on their browser.</doc>
<status status="PASS" starttime="20221009 21:24:41.579" endtime="20221009 21:24:41.663"/>
</kw>
<status status="PASS" starttime="20221009 21:24:39.283" endtime="20221009 21:24:41.663"/>
</iter>
<iter>
<var name="${element}">maior time do parana</var>
<kw name="Input Text" library="SeleniumLibrary">
<arg>name:q</arg>
<arg>${element}</arg>
<doc>Types the given ``text`` into the text field identified by ``locator``.</doc>
<msg timestamp="20221009 21:24:41.663" level="INFO">Typing text 'maior time do parana' into text field 'name:q'.</msg>
<status status="PASS" starttime="20221009 21:24:41.663" endtime="20221009 21:24:41.843"/>
</kw>
<kw name="Press Keys" library="SeleniumLibrary">
<arg>name:q</arg>
<arg>ENTER</arg>
<doc>Simulates the user pressing key(s) to an element or on the active browser.</doc>
<msg timestamp="20221009 21:24:41.843" level="INFO">Sending key(s) ('ENTER',) to name:q element.</msg>
<msg timestamp="20221009 21:24:42.150" level="INFO">Pressing special key ENTER to element.</msg>
<msg timestamp="20221009 21:24:42.150" level="INFO">Releasing special key ENTER.</msg>
<status status="PASS" starttime="20221009 21:24:41.843" endtime="20221009 21:24:44.751"/>
</kw>
<kw name="Go Back" library="SeleniumLibrary">
<doc>Simulates the user clicking the back button on their browser.</doc>
<status status="PASS" starttime="20221009 21:24:44.751" endtime="20221009 21:24:44.806"/>
</kw>
<status status="PASS" starttime="20221009 21:24:41.663" endtime="20221009 21:24:44.806"/>
</iter>
<status status="PASS" starttime="20221009 21:24:25.316" endtime="20221009 21:24:44.806"/>
</for>
<doc>Caso de teste utilizando laco</doc>
<status status="PASS" starttime="20221009 21:24:19.361" endtime="20221009 21:24:44.812"/>
</test>
<status status="PASS" starttime="20221009 21:24:19.066" endtime="20221009 21:24:44.818"/>
</suite>
<statistics>
<total>
<stat pass="1" fail="0" skip="0">All Tests</stat>
</total>
<tag>
</tag>
<suite>
<stat pass="1" fail="0" skip="0" id="s1" name="Laco">Laco</stat>
</suite>
</statistics>
<errors>
</errors>
</robot>
