<?xml version="1.0" encoding="UTF-8"?>
<robot generator="Robot 5.0.1 (Python 3.10.7 on win32)" generated="20221006 16:20:57.390" rpa="false" schemaversion="3">
<suite id="s1" name="TesteRobot" source="C:\Users\joaow\Desktop\PUCPR\VERIFICAÇÃO E VALIDAÇÃO\EM PROCESSO\TesteRobot">
<suite id="s1-s1" name="Modelo" source="C:\Users\joaow\Desktop\PUCPR\VERIFICAÇÃO E VALIDAÇÃO\EM PROCESSO\TesteRobot\modelo.robot">
<test id="s1-s1-t1" name="Cenário 1: Acessando o site" line="13">
<kw name="Abrir Site">
<kw name="Open Browser" library="SeleniumLibrary">
<arg>https://amazon.com.br/</arg>
<arg>chrome</arg>
<doc>Opens a new browser instance to the optional ``url``.</doc>
<msg timestamp="20221006 16:20:58.087" level="INFO">Opening browser 'chrome' to base url 'https://amazon.com.br/'.</msg>
<status status="PASS" starttime="20221006 16:20:58.087" endtime="20221006 16:21:03.545"/>
</kw>
<status status="PASS" starttime="20221006 16:20:58.087" endtime="20221006 16:21:03.546"/>
</kw>
<status status="PASS" starttime="20221006 16:20:58.087" endtime="20221006 16:21:03.547"/>
</test>
<status status="PASS" starttime="20221006 16:20:57.495" endtime="20221006 16:21:03.552"/>
</suite>
<status status="PASS" starttime="20221006 16:20:57.406" endtime="20221006 16:21:03.588"/>
</suite>
<statistics>
<total>
<stat pass="1" fail="0" skip="0">All Tests</stat>
</total>
<tag>
</tag>
<suite>
<stat pass="1" fail="0" skip="0" id="s1" name="TesteRobot">TesteRobot</stat>
<stat pass="1" fail="0" skip="0" id="s1-s1" name="Modelo">TesteRobot.Modelo</stat>
</suite>
</statistics>
<errors>
</errors>
</robot>
